<?xml version="1.0" encoding="UTF-8"?>
<testsuite xmlns:xsi="http://www.w3.org/2001/XMLSchema-instance" xsi:noNamespaceSchemaLocation="https://maven.apache.org/surefire/maven-surefire-plugin/xsd/surefire-test-report.xsd" name="guru.sfg.beer.order.service.BeerOrderServiceApplicationTests" time="47.314" tests="1" errors="0" skipped="0" failures="0">
  <properties>
    <property name="java.specification.version" value="13"/>
    <property name="sun.cpu.isalist" value="amd64"/>
    <property name="sun.jnu.encoding" value="Cp1252"/>
    <property name="java.class.path" value="D:\Studies\Microservices\Microservices - Beginner to Guru\Code\microservices\mssc-brewery-workspace\mssc-beer-order-service\target\test-classes;D:\Studies\Microservices\Microservices - Beginner to Guru\Code\microservices\mssc-brewery-workspace\mssc-beer-order-service\target\classes;C:\Users\Swati Sudeep Ganguly\.m2\repository\com\github\JensPiegsa\wiremock-extension\0.4.0\wiremock-extension-0.4.0.jar;C:\Users\Swati Sudeep Ganguly\.m2\repository\com\github\tomakehurst\wiremock\2.19.0\wiremock-2.19.0.jar;C:\Users\Swati Sudeep Ganguly\.m2\repository\org\eclipse\jetty\jetty-server\9.4.39.v20210325\jetty-server-9.4.39.v20210325.jar;C:\Users\Swati Sudeep Ganguly\.m2\repository\javax\servlet\javax.servlet-api\4.0.1\javax.servlet-api-4.0.1.jar;C:\Users\Swati Sudeep Ganguly\.m2\repository\org\eclipse\jetty\jetty-http\9.4.39.v20210325\jetty-http-9.4.39.v20210325.jar;C:\Users\Swati Sudeep Ganguly\.m2\repository\org\eclipse\jetty\jetty-io\9.4.39.v20210325\jetty-io-9.4.39.v20210325.jar;C:\Users\Swati Sudeep Ganguly\.m2\repository\org\eclipse\jetty\jetty-servlet\9.4.39.v20210325\jetty-servlet-9.4.39.v20210325.jar;C:\Users\Swati Sudeep Ganguly\.m2\repository\org\eclipse\jetty\jetty-security\9.4.39.v20210325\jetty-security-9.4.39.v20210325.jar;C:\Users\Swati Sudeep Ganguly\.m2\repository\org\eclipse\jetty\jetty-util-ajax\9.4.39.v20210325\jetty-util-ajax-9.4.39.v20210325.jar;C:\Users\Swati Sudeep Ganguly\.m2\repository\org\eclipse\jetty\jetty-servlets\9.4.39.v20210325\jetty-servlets-9.4.39.v20210325.jar;C:\Users\Swati Sudeep Ganguly\.m2\repository\org\eclipse\jetty\jetty-continuation\9.4.39.v20210325\jetty-continuation-9.4.39.v20210325.jar;C:\Users\Swati Sudeep Ganguly\.m2\repository\org\eclipse\jetty\jetty-util\9.4.39.v20210325\jetty-util-9.4.39.v20210325.jar;C:\Users\Swati Sudeep Ganguly\.m2\repository\org\eclipse\jetty\jetty-webapp\9.4.39.v20210325\jetty-webapp-9.4.39.v20210325.jar;C:\Users\Swati Sudeep Ganguly\.m2\repository\org\eclipse\jetty\jetty-xml\9.4.39.v20210325\jetty-xml-9.4.39.v20210325.jar;C:\Users\Swati Sudeep Ganguly\.m2\repository\com\google\guava\guava\20.0\guava-20.0.jar;C:\Users\Swati Sudeep Ganguly\.m2\repository\com\fasterxml\jackson\core\jackson-core\2.11.4\jackson-core-2.11.4.jar;C:\Users\Swati Sudeep Ganguly\.m2\repository\com\fasterxml\jackson\core\jackson-annotations\2.11.4\jackson-annotations-2.11.4.jar;C:\Users\Swati Sudeep Ganguly\.m2\repository\com\fasterxml\jackson\core\jackson-databind\2.11.4\jackson-databind-2.11.4.jar;C:\Users\Swati Sudeep Ganguly\.m2\repository\org\apache\httpcomponents\httpclient\4.5.13\httpclient-4.5.13.jar;C:\Users\Swati Sudeep Ganguly\.m2\repository\org\apache\httpcomponents\httpcore\4.4.14\httpcore-4.4.14.jar;C:\Users\Swati Sudeep Ganguly\.m2\repository\commons-codec\commons-codec\1.15\commons-codec-1.15.jar;C:\Users\Swati Sudeep Ganguly\.m2\repository\org\xmlunit\xmlunit-legacy\2.7.0\xmlunit-legacy-2.7.0.jar;C:\Users\Swati Sudeep Ganguly\.m2\repository\org\slf4j\slf4j-api\1.7.30\slf4j-api-1.7.30.jar;C:\Users\Swati Sudeep Ganguly\.m2\repository\net\sf\jopt-simple\jopt-simple\5.0.3\jopt-simple-5.0.3.jar;C:\Users\Swati Sudeep Ganguly\.m2\repository\junit\junit\4.13.2\junit-4.13.2.jar;C:\Users\Swati Sudeep Ganguly\.m2\repository\org\apache\commons\commons-lang3\3.11\commons-lang3-3.11.jar;C:\Users\Swati Sudeep Ganguly\.m2\repository\com\flipkart\zjsonpatch\zjsonpatch\0.4.4\zjsonpatch-0.4.4.jar;C:\Users\Swati Sudeep Ganguly\.m2\repository\com\github\jknack\handlebars\4.0.7\handlebars-4.0.7.jar;C:\Users\Swati Sudeep Ganguly\.m2\repository\com\github\jknack\handlebars-helpers\4.0.7\handlebars-helpers-4.0.7.jar;C:\Users\Swati Sudeep Ganguly\.m2\repository\spring\micro\mssc-beer-service\0.0.1-SNAPSHOT\mssc-beer-service-0.0.1-SNAPSHOT.jar;C:\Users\Swati Sudeep Ganguly\.m2\repository\org\springframework\boot\spring-boot-starter-cache\2.4.5\spring-boot-starter-cache-2.4.5.jar;C:\Users\Swati Sudeep Ganguly\.m2\repository\org\springframework\spring-context-support\5.3.6\spring-context-support-5.3.6.jar;C:\Users\Swati Sudeep Ganguly\.m2\repository\javax\cache\cache-api\1.1.1\cache-api-1.1.1.jar;C:\Users\Swati Sudeep Ganguly\.m2\repository\org\ehcache\ehcache\3.9.2\ehcache-3.9.2.jar;C:\Users\Swati Sudeep Ganguly\.m2\repository\org\glassfish\jaxb\jaxb-runtime\2.3.4\jaxb-runtime-2.3.4.jar;C:\Users\Swati Sudeep Ganguly\.m2\repository\org\glassfish\jaxb\txw2\2.3.4\txw2-2.3.4.jar;C:\Users\Swati Sudeep Ganguly\.m2\repository\com\sun\istack\istack-commons-runtime\3.0.12\istack-commons-runtime-3.0.12.jar;C:\Users\Swati Sudeep Ganguly\.m2\repository\com\sun\activation\jakarta.activation\1.2.2\jakarta.activation-1.2.2.jar;C:\Users\Swati Sudeep Ganguly\.m2\repository\javax\xml\bind\jaxb-api\2.3.0\jaxb-api-2.3.0.jar;C:\Users\Swati Sudeep Ganguly\.m2\repository\com\sun\xml\bind\jaxb-core\2.3.0\jaxb-core-2.3.0.jar;C:\Users\Swati Sudeep Ganguly\.m2\repository\com\sun\xml\bind\jaxb-impl\2.3.0\jaxb-impl-2.3.0.jar;C:\Users\Swati Sudeep Ganguly\.m2\repository\org\apache\activemq\artemis-jms-server\2.15.0\artemis-jms-server-2.15.0.jar;C:\Users\Swati Sudeep Ganguly\.m2\repository\org\jboss\logging\jboss-logging\3.4.1.Final\jboss-logging-3.4.1.Final.jar;C:\Users\Swati Sudeep Ganguly\.m2\repository\org\apache\activemq\artemis-core-client\2.15.0\artemis-core-client-2.15.0.jar;C:\Users\Swati Sudeep Ganguly\.m2\repository\org\jgroups\jgroups\3.6.13.Final\jgroups-3.6.13.Final.jar;C:\Users\Swati Sudeep Ganguly\.m2\repository\org\apache\johnzon\johnzon-core\1.2.10\johnzon-core-1.2.10.jar;C:\Users\Swati Sudeep Ganguly\.m2\repository\io\netty\netty-transport-native-epoll\4.1.63.Final\netty-transport-native-epoll-4.1.63.Final-linux-x86_64.jar;C:\Users\Swati Sudeep Ganguly\.m2\repository\io\netty\netty-transport-native-unix-common\4.1.63.Final\netty-transport-native-unix-common-4.1.63.Final.jar;C:\Users\Swati Sudeep Ganguly\.m2\repository\io\netty\netty-transport-native-kqueue\4.1.63.Final\netty-transport-native-kqueue-4.1.63.Final-osx-x86_64.jar;C:\Users\Swati Sudeep Ganguly\.m2\repository\io\netty\netty-codec-http\4.1.63.Final\netty-codec-http-4.1.63.Final.jar;C:\Users\Swati Sudeep Ganguly\.m2\repository\io\netty\netty-buffer\4.1.63.Final\netty-buffer-4.1.63.Final.jar;C:\Users\Swati Sudeep Ganguly\.m2\repository\io\netty\netty-transport\4.1.63.Final\netty-transport-4.1.63.Final.jar;C:\Users\Swati Sudeep Ganguly\.m2\repository\io\netty\netty-resolver\4.1.63.Final\netty-resolver-4.1.63.Final.jar;C:\Users\Swati Sudeep Ganguly\.m2\repository\io\netty\netty-handler\4.1.63.Final\netty-handler-4.1.63.Final.jar;C:\Users\Swati Sudeep Ganguly\.m2\repository\io\netty\netty-handler-proxy\4.1.63.Final\netty-handler-proxy-4.1.63.Final.jar;C:\Users\Swati Sudeep Ganguly\.m2\repository\io\netty\netty-codec\4.1.63.Final\netty-codec-4.1.63.Final.jar;C:\Users\Swati Sudeep Ganguly\.m2\repository\io\netty\netty-codec-socks\4.1.63.Final\netty-codec-socks-4.1.63.Final.jar;C:\Users\Swati Sudeep Ganguly\.m2\repository\io\netty\netty-common\4.1.63.Final\netty-common-4.1.63.Final.jar;C:\Users\Swati Sudeep Ganguly\.m2\repository\org\apache\activemq\artemis-jms-client\2.15.0\artemis-jms-client-2.15.0.jar;C:\Users\Swati Sudeep Ganguly\.m2\repository\org\apache\activemq\artemis-selector\2.15.0\artemis-selector-2.15.0.jar;C:\Users\Swati Sudeep Ganguly\.m2\repository\org\apache\activemq\artemis-server\2.15.0\artemis-server-2.15.0.jar;C:\Users\Swati Sudeep Ganguly\.m2\repository\org\jboss\logmanager\jboss-logmanager\2.1.10.Final\jboss-logmanager-2.1.10.Final.jar;C:\Users\Swati Sudeep Ganguly\.m2\repository\org\wildfly\common\wildfly-common\1.5.1.Final\wildfly-common-1.5.1.Final.jar;C:\Users\Swati Sudeep Ganguly\.m2\repository\org\apache\activemq\artemis-jdbc-store\2.15.0\artemis-jdbc-store-2.15.0.jar;C:\Users\Swati Sudeep Ganguly\.m2\repository\org\apache\activemq\activemq-artemis-native\1.0.2\activemq-artemis-native-1.0.2.jar;C:\Users\Swati Sudeep Ganguly\.m2\repository\org\jctools\jctools-core\2.1.2\jctools-core-2.1.2.jar;C:\Users\Swati Sudeep Ganguly\.m2\repository\commons-beanutils\commons-beanutils\1.9.4\commons-beanutils-1.9.4.jar;C:\Users\Swati Sudeep Ganguly\.m2\repository\commons-collections\commons-collections\3.2.2\commons-collections-3.2.2.jar;C:\Users\Swati Sudeep Ganguly\.m2\repository\org\apache\commons\commons-configuration2\2.7\commons-configuration2-2.7.jar;C:\Users\Swati Sudeep Ganguly\.m2\repository\org\apache\commons\commons-text\1.8\commons-text-1.8.jar;C:\Users\Swati Sudeep Ganguly\.m2\repository\commons-io\commons-io\2.6\commons-io-2.6.jar;C:\Users\Swati Sudeep Ganguly\.m2\repository\org\apache\activemq\artemis-journal\2.15.0\artemis-journal-2.15.0.jar;C:\Users\Swati Sudeep Ganguly\.m2\repository\org\apache\activemq\artemis-commons\2.15.0\artemis-commons-2.15.0.jar;C:\Users\Swati Sudeep Ganguly\.m2\repository\org\apache\activemq\artemis-service-extensions\2.15.0\artemis-service-extensions-2.15.0.jar;C:\Users\Swati Sudeep Ganguly\.m2\repository\org\apache\geronimo\specs\geronimo-jms_2.0_spec\1.0-alpha-2\geronimo-jms_2.0_spec-1.0-alpha-2.jar;C:\Users\Swati Sudeep Ganguly\.m2\repository\org\apache\geronimo\specs\geronimo-jta_1.1_spec\1.1.1\geronimo-jta_1.1_spec-1.1.1.jar;C:\Users\Swati Sudeep Ganguly\.m2\repository\org\awaitility\awaitility\3.1.6\awaitility-3.1.6.jar;C:\Users\Swati Sudeep Ganguly\.m2\repository\org\hamcrest\hamcrest-library\2.2\hamcrest-library-2.2.jar;C:\Users\Swati Sudeep Ganguly\.m2\repository\org\hamcrest\hamcrest-core\2.2\hamcrest-core-2.2.jar;C:\Users\Swati Sudeep Ganguly\.m2\repository\org\objenesis\objenesis\2.6\objenesis-2.6.jar;C:\Users\Swati Sudeep Ganguly\.m2\repository\org\springframework\boot\spring-boot-starter-artemis\2.4.5\spring-boot-starter-artemis-2.4.5.jar;C:\Users\Swati Sudeep Ganguly\.m2\repository\jakarta\jms\jakarta.jms-api\2.0.3\jakarta.jms-api-2.0.3.jar;C:\Users\Swati Sudeep Ganguly\.m2\repository\jakarta\json\jakarta.json-api\1.1.6\jakarta.json-api-1.1.6.jar;C:\Users\Swati Sudeep Ganguly\.m2\repository\org\springframework\spring-jms\5.3.6\spring-jms-5.3.6.jar;C:\Users\Swati Sudeep Ganguly\.m2\repository\org\springframework\spring-beans\5.3.6\spring-beans-5.3.6.jar;C:\Users\Swati Sudeep Ganguly\.m2\repository\org\springframework\boot\spring-boot-starter\2.4.5\spring-boot-starter-2.4.5.jar;C:\Users\Swati Sudeep Ganguly\.m2\repository\org\springframework\boot\spring-boot\2.4.5\spring-boot-2.4.5.jar;C:\Users\Swati Sudeep Ganguly\.m2\repository\org\springframework\spring-context\5.3.6\spring-context-5.3.6.jar;C:\Users\Swati Sudeep Ganguly\.m2\repository\org\springframework\boot\spring-boot-autoconfigure\2.4.5\spring-boot-autoconfigure-2.4.5.jar;C:\Users\Swati Sudeep Ganguly\.m2\repository\org\springframework\boot\spring-boot-starter-logging\2.4.5\spring-boot-starter-logging-2.4.5.jar;C:\Users\Swati Sudeep Ganguly\.m2\repository\ch\qos\logback\logback-classic\1.2.3\logback-classic-1.2.3.jar;C:\Users\Swati Sudeep Ganguly\.m2\repository\ch\qos\logback\logback-core\1.2.3\logback-core-1.2.3.jar;C:\Users\Swati Sudeep Ganguly\.m2\repository\org\apache\logging\log4j\log4j-to-slf4j\2.13.3\log4j-to-slf4j-2.13.3.jar;C:\Users\Swati Sudeep Ganguly\.m2\repository\org\apache\logging\log4j\log4j-api\2.13.3\log4j-api-2.13.3.jar;C:\Users\Swati Sudeep Ganguly\.m2\repository\org\slf4j\jul-to-slf4j\1.7.30\jul-to-slf4j-1.7.30.jar;C:\Users\Swati Sudeep Ganguly\.m2\repository\jakarta\annotation\jakarta.annotation-api\1.3.5\jakarta.annotation-api-1.3.5.jar;C:\Users\Swati Sudeep Ganguly\.m2\repository\org\springframework\spring-core\5.3.6\spring-core-5.3.6.jar;C:\Users\Swati Sudeep Ganguly\.m2\repository\org\springframework\spring-jcl\5.3.6\spring-jcl-5.3.6.jar;C:\Users\Swati Sudeep Ganguly\.m2\repository\org\yaml\snakeyaml\1.27\snakeyaml-1.27.jar;C:\Users\Swati Sudeep Ganguly\.m2\repository\org\springframework\boot\spring-boot-starter-actuator\2.4.5\spring-boot-starter-actuator-2.4.5.jar;C:\Users\Swati Sudeep Ganguly\.m2\repository\org\springframework\boot\spring-boot-actuator-autoconfigure\2.4.5\spring-boot-actuator-autoconfigure-2.4.5.jar;C:\Users\Swati Sudeep Ganguly\.m2\repository\org\springframework\boot\spring-boot-actuator\2.4.5\spring-boot-actuator-2.4.5.jar;C:\Users\Swati Sudeep Ganguly\.m2\repository\com\fasterxml\jackson\datatype\jackson-datatype-jsr310\2.11.4\jackson-datatype-jsr310-2.11.4.jar;C:\Users\Swati Sudeep Ganguly\.m2\repository\io\micrometer\micrometer-core\1.6.6\micrometer-core-1.6.6.jar;C:\Users\Swati Sudeep Ganguly\.m2\repository\org\hdrhistogram\HdrHistogram\2.1.12\HdrHistogram-2.1.12.jar;C:\Users\Swati Sudeep Ganguly\.m2\repository\org\latencyutils\LatencyUtils\2.0.3\LatencyUtils-2.0.3.jar;C:\Users\Swati Sudeep Ganguly\.m2\repository\org\springframework\boot\spring-boot-starter-data-jpa\2.4.5\spring-boot-starter-data-jpa-2.4.5.jar;C:\Users\Swati Sudeep Ganguly\.m2\repository\org\springframework\boot\spring-boot-starter-aop\2.4.5\spring-boot-starter-aop-2.4.5.jar;C:\Users\Swati Sudeep Ganguly\.m2\repository\org\springframework\spring-aop\5.3.6\spring-aop-5.3.6.jar;C:\Users\Swati Sudeep Ganguly\.m2\repository\org\aspectj\aspectjweaver\1.9.6\aspectjweaver-1.9.6.jar;C:\Users\Swati Sudeep Ganguly\.m2\repository\org\springframework\boot\spring-boot-starter-jdbc\2.4.5\spring-boot-starter-jdbc-2.4.5.jar;C:\Users\Swati Sudeep Ganguly\.m2\repository\com\zaxxer\HikariCP\3.4.5\HikariCP-3.4.5.jar;C:\Users\Swati Sudeep Ganguly\.m2\repository\org\springframework\spring-jdbc\5.3.6\spring-jdbc-5.3.6.jar;C:\Users\Swati Sudeep Ganguly\.m2\repository\jakarta\transaction\jakarta.transaction-api\1.3.3\jakarta.transaction-api-1.3.3.jar;C:\Users\Swati Sudeep Ganguly\.m2\repository\jakarta\persistence\jakarta.persistence-api\2.2.3\jakarta.persistence-api-2.2.3.jar;C:\Users\Swati Sudeep Ganguly\.m2\repository\org\hibernate\hibernate-core\5.4.30.Final\hibernate-core-5.4.30.Final.jar;C:\Users\Swati Sudeep Ganguly\.m2\repository\org\javassist\javassist\3.27.0-GA\javassist-3.27.0-GA.jar;C:\Users\Swati Sudeep Ganguly\.m2\repository\net\bytebuddy\byte-buddy\1.10.22\byte-buddy-1.10.22.jar;C:\Users\Swati Sudeep Ganguly\.m2\repository\antlr\antlr\2.7.7\antlr-2.7.7.jar;C:\Users\Swati Sudeep Ganguly\.m2\repository\org\jboss\jandex\2.2.3.Final\jandex-2.2.3.Final.jar;C:\Users\Swati Sudeep Ganguly\.m2\repository\com\fasterxml\classmate\1.5.1\classmate-1.5.1.jar;C:\Users\Swati Sudeep Ganguly\.m2\repository\org\dom4j\dom4j\2.1.3\dom4j-2.1.3.jar;C:\Users\Swati Sudeep Ganguly\.m2\repository\org\hibernate\common\hibernate-commons-annotations\5.1.2.Final\hibernate-commons-annotations-5.1.2.Final.jar;C:\Users\Swati Sudeep Ganguly\.m2\repository\org\springframework\data\spring-data-jpa\2.4.8\spring-data-jpa-2.4.8.jar;C:\Users\Swati Sudeep Ganguly\.m2\repository\org\springframework\data\spring-data-commons\2.4.8\spring-data-commons-2.4.8.jar;C:\Users\Swati Sudeep Ganguly\.m2\repository\org\springframework\spring-orm\5.3.6\spring-orm-5.3.6.jar;C:\Users\Swati Sudeep Ganguly\.m2\repository\org\springframework\spring-aspects\5.3.6\spring-aspects-5.3.6.jar;C:\Users\Swati Sudeep Ganguly\.m2\repository\org\springframework\boot\spring-boot-starter-web\2.4.5\spring-boot-starter-web-2.4.5.jar;C:\Users\Swati Sudeep Ganguly\.m2\repository\org\springframework\boot\spring-boot-starter-json\2.4.5\spring-boot-starter-json-2.4.5.jar;C:\Users\Swati Sudeep Ganguly\.m2\repository\com\fasterxml\jackson\datatype\jackson-datatype-jdk8\2.11.4\jackson-datatype-jdk8-2.11.4.jar;C:\Users\Swati Sudeep Ganguly\.m2\repository\com\fasterxml\jackson\module\jackson-module-parameter-names\2.11.4\jackson-module-parameter-names-2.11.4.jar;C:\Users\Swati Sudeep Ganguly\.m2\repository\org\springframework\boot\spring-boot-starter-tomcat\2.4.5\spring-boot-starter-tomcat-2.4.5.jar;C:\Users\Swati Sudeep Ganguly\.m2\repository\org\apache\tomcat\embed\tomcat-embed-core\9.0.45\tomcat-embed-core-9.0.45.jar;C:\Users\Swati Sudeep Ganguly\.m2\repository\org\glassfish\jakarta.el\3.0.3\jakarta.el-3.0.3.jar;C:\Users\Swati Sudeep Ganguly\.m2\repository\org\apache\tomcat\embed\tomcat-embed-websocket\9.0.45\tomcat-embed-websocket-9.0.45.jar;C:\Users\Swati Sudeep Ganguly\.m2\repository\org\springframework\spring-web\5.3.6\spring-web-5.3.6.jar;C:\Users\Swati Sudeep Ganguly\.m2\repository\org\springframework\spring-webmvc\5.3.6\spring-webmvc-5.3.6.jar;C:\Users\Swati Sudeep Ganguly\.m2\repository\org\springframework\spring-expression\5.3.6\spring-expression-5.3.6.jar;C:\Users\Swati Sudeep Ganguly\.m2\repository\org\springframework\statemachine\spring-statemachine-core\3.0.0\spring-statemachine-core-3.0.0.jar;C:\Users\Swati Sudeep Ganguly\.m2\repository\org\springframework\spring-tx\5.3.6\spring-tx-5.3.6.jar;C:\Users\Swati Sudeep Ganguly\.m2\repository\org\springframework\spring-messaging\5.3.6\spring-messaging-5.3.6.jar;C:\Users\Swati Sudeep Ganguly\.m2\repository\io\projectreactor\reactor-core\3.4.5\reactor-core-3.4.5.jar;C:\Users\Swati Sudeep Ganguly\.m2\repository\org\reactivestreams\reactive-streams\1.0.3\reactive-streams-1.0.3.jar;C:\Users\Swati Sudeep Ganguly\.m2\repository\org\springframework\boot\spring-boot-devtools\2.4.5\spring-boot-devtools-2.4.5.jar;C:\Users\Swati Sudeep Ganguly\.m2\repository\com\h2database\h2\1.4.200\h2-1.4.200.jar;C:\Users\Swati Sudeep Ganguly\.m2\repository\mysql\mysql-connector-java\8.0.23\mysql-connector-java-8.0.23.jar;C:\Users\Swati Sudeep Ganguly\.m2\repository\org\projectlombok\lombok\1.18.20\lombok-1.18.20.jar;C:\Users\Swati Sudeep Ganguly\.m2\repository\org\mapstruct\mapstruct\1.4.1.Final\mapstruct-1.4.1.Final.jar;C:\Users\Swati Sudeep Ganguly\.m2\repository\org\junit\jupiter\junit-jupiter-api\5.7.1\junit-jupiter-api-5.7.1.jar;C:\Users\Swati Sudeep Ganguly\.m2\repository\org\apiguardian\apiguardian-api\1.1.0\apiguardian-api-1.1.0.jar;C:\Users\Swati Sudeep Ganguly\.m2\repository\org\opentest4j\opentest4j\1.2.0\opentest4j-1.2.0.jar;C:\Users\Swati Sudeep Ganguly\.m2\repository\org\junit\platform\junit-platform-commons\1.7.1\junit-platform-commons-1.7.1.jar;C:\Users\Swati Sudeep Ganguly\.m2\repository\org\junit\jupiter\junit-jupiter-engine\5.7.1\junit-jupiter-engine-5.7.1.jar;C:\Users\Swati Sudeep Ganguly\.m2\repository\org\junit\platform\junit-platform-engine\1.7.1\junit-platform-engine-1.7.1.jar;C:\Users\Swati Sudeep Ganguly\.m2\repository\org\mockito\mockito-junit-jupiter\3.6.28\mockito-junit-jupiter-3.6.28.jar;C:\Users\Swati Sudeep Ganguly\.m2\repository\org\mockito\mockito-core\3.6.28\mockito-core-3.6.28.jar;C:\Users\Swati Sudeep Ganguly\.m2\repository\net\bytebuddy\byte-buddy-agent\1.10.22\byte-buddy-agent-1.10.22.jar;C:\Users\Swati Sudeep Ganguly\.m2\repository\javax\validation\validation-api\2.0.1.Final\validation-api-2.0.1.Final.jar;C:\Users\Swati Sudeep Ganguly\.m2\repository\org\springframework\boot\spring-boot-starter-test\2.4.5\spring-boot-starter-test-2.4.5.jar;C:\Users\Swati Sudeep Ganguly\.m2\repository\org\springframework\boot\spring-boot-test\2.4.5\spring-boot-test-2.4.5.jar;C:\Users\Swati Sudeep Ganguly\.m2\repository\org\springframework\boot\spring-boot-test-autoconfigure\2.4.5\spring-boot-test-autoconfigure-2.4.5.jar;C:\Users\Swati Sudeep Ganguly\.m2\repository\com\jayway\jsonpath\json-path\2.4.0\json-path-2.4.0.jar;C:\Users\Swati Sudeep Ganguly\.m2\repository\net\minidev\json-smart\2.3\json-smart-2.3.jar;C:\Users\Swati Sudeep Ganguly\.m2\repository\net\minidev\accessors-smart\1.2\accessors-smart-1.2.jar;C:\Users\Swati Sudeep Ganguly\.m2\repository\org\ow2\asm\asm\5.0.4\asm-5.0.4.jar;C:\Users\Swati Sudeep Ganguly\.m2\repository\jakarta\xml\bind\jakarta.xml.bind-api\2.3.3\jakarta.xml.bind-api-2.3.3.jar;C:\Users\Swati Sudeep Ganguly\.m2\repository\jakarta\activation\jakarta.activation-api\1.2.2\jakarta.activation-api-1.2.2.jar;C:\Users\Swati Sudeep Ganguly\.m2\repository\org\assertj\assertj-core\3.18.1\assertj-core-3.18.1.jar;C:\Users\Swati Sudeep Ganguly\.m2\repository\org\hamcrest\hamcrest\2.2\hamcrest-2.2.jar;C:\Users\Swati Sudeep Ganguly\.m2\repository\org\junit\jupiter\junit-jupiter\5.7.1\junit-jupiter-5.7.1.jar;C:\Users\Swati Sudeep Ganguly\.m2\repository\org\junit\jupiter\junit-jupiter-params\5.7.1\junit-jupiter-params-5.7.1.jar;C:\Users\Swati Sudeep Ganguly\.m2\repository\org\skyscreamer\jsonassert\1.5.0\jsonassert-1.5.0.jar;C:\Users\Swati Sudeep Ganguly\.m2\repository\com\vaadin\external\google\android-json\0.0.20131108.vaadin1\android-json-0.0.20131108.vaadin1.jar;C:\Users\Swati Sudeep Ganguly\.m2\repository\org\springframework\spring-test\5.3.6\spring-test-5.3.6.jar;C:\Users\Swati Sudeep Ganguly\.m2\repository\org\xmlunit\xmlunit-core\2.7.0\xmlunit-core-2.7.0.jar;"/>
    <property name="java.vm.vendor" value="Oracle Corporation"/>
    <property name="sun.arch.data.model" value="64"/>
    <property name="user.variant" value=""/>
    <property name="java.vendor.url" value="https://java.oracle.com/"/>
    <property name="user.timezone" value="Asia/Calcutta"/>
    <property name="os.name" value="Windows 10"/>
    <property name="java.vm.specification.version" value="13"/>
    <property name="sun.java.launcher" value="SUN_STANDARD"/>
    <property name="user.country" value="US"/>
    <property name="sun.boot.library.path" value="C:\Program Files\Java\jdk-13.0.1\bin"/>
    <property name="sun.java.command" value="C:\Users\SWATIS~1\AppData\Local\Temp\surefire12291513431793860374\surefirebooter6491447113343814385.jar C:\Users\Swati Sudeep Ganguly\AppData\Local\Temp\surefire12291513431793860374 2021-05-16T13-23-16_336-jvmRun1 surefire121168603394550172tmp surefire_018130207918581808523tmp"/>
    <property name="jdk.debug" value="release"/>
    <property name="surefire.test.class.path" value="D:\Studies\Microservices\Microservices - Beginner to Guru\Code\microservices\mssc-brewery-workspace\mssc-beer-order-service\target\test-classes;D:\Studies\Microservices\Microservices - Beginner to Guru\Code\microservices\mssc-brewery-workspace\mssc-beer-order-service\target\classes;C:\Users\Swati Sudeep Ganguly\.m2\repository\com\github\JensPiegsa\wiremock-extension\0.4.0\wiremock-extension-0.4.0.jar;C:\Users\Swati Sudeep Ganguly\.m2\repository\com\github\tomakehurst\wiremock\2.19.0\wiremock-2.19.0.jar;C:\Users\Swati Sudeep Ganguly\.m2\repository\org\eclipse\jetty\jetty-server\9.4.39.v20210325\jetty-server-9.4.39.v20210325.jar;C:\Users\Swati Sudeep Ganguly\.m2\repository\javax\servlet\javax.servlet-api\4.0.1\javax.servlet-api-4.0.1.jar;C:\Users\Swati Sudeep Ganguly\.m2\repository\org\eclipse\jetty\jetty-http\9.4.39.v20210325\jetty-http-9.4.39.v20210325.jar;C:\Users\Swati Sudeep Ganguly\.m2\repository\org\eclipse\jetty\jetty-io\9.4.39.v20210325\jetty-io-9.4.39.v20210325.jar;C:\Users\Swati Sudeep Ganguly\.m2\repository\org\eclipse\jetty\jetty-servlet\9.4.39.v20210325\jetty-servlet-9.4.39.v20210325.jar;C:\Users\Swati Sudeep Ganguly\.m2\repository\org\eclipse\jetty\jetty-security\9.4.39.v20210325\jetty-security-9.4.39.v20210325.jar;C:\Users\Swati Sudeep Ganguly\.m2\repository\org\eclipse\jetty\jetty-util-ajax\9.4.39.v20210325\jetty-util-ajax-9.4.39.v20210325.jar;C:\Users\Swati Sudeep Ganguly\.m2\repository\org\eclipse\jetty\jetty-servlets\9.4.39.v20210325\jetty-servlets-9.4.39.v20210325.jar;C:\Users\Swati Sudeep Ganguly\.m2\repository\org\eclipse\jetty\jetty-continuation\9.4.39.v20210325\jetty-continuation-9.4.39.v20210325.jar;C:\Users\Swati Sudeep Ganguly\.m2\repository\org\eclipse\jetty\jetty-util\9.4.39.v20210325\jetty-util-9.4.39.v20210325.jar;C:\Users\Swati Sudeep Ganguly\.m2\repository\org\eclipse\jetty\jetty-webapp\9.4.39.v20210325\jetty-webapp-9.4.39.v20210325.jar;C:\Users\Swati Sudeep Ganguly\.m2\repository\org\eclipse\jetty\jetty-xml\9.4.39.v20210325\jetty-xml-9.4.39.v20210325.jar;C:\Users\Swati Sudeep Ganguly\.m2\repository\com\google\guava\guava\20.0\guava-20.0.jar;C:\Users\Swati Sudeep Ganguly\.m2\repository\com\fasterxml\jackson\core\jackson-core\2.11.4\jackson-core-2.11.4.jar;C:\Users\Swati Sudeep Ganguly\.m2\repository\com\fasterxml\jackson\core\jackson-annotations\2.11.4\jackson-annotations-2.11.4.jar;C:\Users\Swati Sudeep Ganguly\.m2\repository\com\fasterxml\jackson\core\jackson-databind\2.11.4\jackson-databind-2.11.4.jar;C:\Users\Swati Sudeep Ganguly\.m2\repository\org\apache\httpcomponents\httpclient\4.5.13\httpclient-4.5.13.jar;C:\Users\Swati Sudeep Ganguly\.m2\repository\org\apache\httpcomponents\httpcore\4.4.14\httpcore-4.4.14.jar;C:\Users\Swati Sudeep Ganguly\.m2\repository\commons-codec\commons-codec\1.15\commons-codec-1.15.jar;C:\Users\Swati Sudeep Ganguly\.m2\repository\org\xmlunit\xmlunit-legacy\2.7.0\xmlunit-legacy-2.7.0.jar;C:\Users\Swati Sudeep Ganguly\.m2\repository\org\slf4j\slf4j-api\1.7.30\slf4j-api-1.7.30.jar;C:\Users\Swati Sudeep Ganguly\.m2\repository\net\sf\jopt-simple\jopt-simple\5.0.3\jopt-simple-5.0.3.jar;C:\Users\Swati Sudeep Ganguly\.m2\repository\junit\junit\4.13.2\junit-4.13.2.jar;C:\Users\Swati Sudeep Ganguly\.m2\repository\org\apache\commons\commons-lang3\3.11\commons-lang3-3.11.jar;C:\Users\Swati Sudeep Ganguly\.m2\repository\com\flipkart\zjsonpatch\zjsonpatch\0.4.4\zjsonpatch-0.4.4.jar;C:\Users\Swati Sudeep Ganguly\.m2\repository\com\github\jknack\handlebars\4.0.7\handlebars-4.0.7.jar;C:\Users\Swati Sudeep Ganguly\.m2\repository\com\github\jknack\handlebars-helpers\4.0.7\handlebars-helpers-4.0.7.jar;C:\Users\Swati Sudeep Ganguly\.m2\repository\spring\micro\mssc-beer-service\0.0.1-SNAPSHOT\mssc-beer-service-0.0.1-SNAPSHOT.jar;C:\Users\Swati Sudeep Ganguly\.m2\repository\org\springframework\boot\spring-boot-starter-cache\2.4.5\spring-boot-starter-cache-2.4.5.jar;C:\Users\Swati Sudeep Ganguly\.m2\repository\org\springframework\spring-context-support\5.3.6\spring-context-support-5.3.6.jar;C:\Users\Swati Sudeep Ganguly\.m2\repository\javax\cache\cache-api\1.1.1\cache-api-1.1.1.jar;C:\Users\Swati Sudeep Ganguly\.m2\repository\org\ehcache\ehcache\3.9.2\ehcache-3.9.2.jar;C:\Users\Swati Sudeep Ganguly\.m2\repository\org\glassfish\jaxb\jaxb-runtime\2.3.4\jaxb-runtime-2.3.4.jar;C:\Users\Swati Sudeep Ganguly\.m2\repository\org\glassfish\jaxb\txw2\2.3.4\txw2-2.3.4.jar;C:\Users\Swati Sudeep Ganguly\.m2\repository\com\sun\istack\istack-commons-runtime\3.0.12\istack-commons-runtime-3.0.12.jar;C:\Users\Swati Sudeep Ganguly\.m2\repository\com\sun\activation\jakarta.activation\1.2.2\jakarta.activation-1.2.2.jar;C:\Users\Swati Sudeep Ganguly\.m2\repository\javax\xml\bind\jaxb-api\2.3.0\jaxb-api-2.3.0.jar;C:\Users\Swati Sudeep Ganguly\.m2\repository\com\sun\xml\bind\jaxb-core\2.3.0\jaxb-core-2.3.0.jar;C:\Users\Swati Sudeep Ganguly\.m2\repository\com\sun\xml\bind\jaxb-impl\2.3.0\jaxb-impl-2.3.0.jar;C:\Users\Swati Sudeep Ganguly\.m2\repository\org\apache\activemq\artemis-jms-server\2.15.0\artemis-jms-server-2.15.0.jar;C:\Users\Swati Sudeep Ganguly\.m2\repository\org\jboss\logging\jboss-logging\3.4.1.Final\jboss-logging-3.4.1.Final.jar;C:\Users\Swati Sudeep Ganguly\.m2\repository\org\apache\activemq\artemis-core-client\2.15.0\artemis-core-client-2.15.0.jar;C:\Users\Swati Sudeep Ganguly\.m2\repository\org\jgroups\jgroups\3.6.13.Final\jgroups-3.6.13.Final.jar;C:\Users\Swati Sudeep Ganguly\.m2\repository\org\apache\johnzon\johnzon-core\1.2.10\johnzon-core-1.2.10.jar;C:\Users\Swati Sudeep Ganguly\.m2\repository\io\netty\netty-transport-native-epoll\4.1.63.Final\netty-transport-native-epoll-4.1.63.Final-linux-x86_64.jar;C:\Users\Swati Sudeep Ganguly\.m2\repository\io\netty\netty-transport-native-unix-common\4.1.63.Final\netty-transport-native-unix-common-4.1.63.Final.jar;C:\Users\Swati Sudeep Ganguly\.m2\repository\io\netty\netty-transport-native-kqueue\4.1.63.Final\netty-transport-native-kqueue-4.1.63.Final-osx-x86_64.jar;C:\Users\Swati Sudeep Ganguly\.m2\repository\io\netty\netty-codec-http\4.1.63.Final\netty-codec-http-4.1.63.Final.jar;C:\Users\Swati Sudeep Ganguly\.m2\repository\io\netty\netty-buffer\4.1.63.Final\netty-buffer-4.1.63.Final.jar;C:\Users\Swati Sudeep Ganguly\.m2\repository\io\netty\netty-transport\4.1.63.Final\netty-transport-4.1.63.Final.jar;C:\Users\Swati Sudeep Ganguly\.m2\repository\io\netty\netty-resolver\4.1.63.Final\netty-resolver-4.1.63.Final.jar;C:\Users\Swati Sudeep Ganguly\.m2\repository\io\netty\netty-handler\4.1.63.Final\netty-handler-4.1.63.Final.jar;C:\Users\Swati Sudeep Ganguly\.m2\repository\io\netty\netty-handler-proxy\4.1.63.Final\netty-handler-proxy-4.1.63.Final.jar;C:\Users\Swati Sudeep Ganguly\.m2\repository\io\netty\netty-codec\4.1.63.Final\netty-codec-4.1.63.Final.jar;C:\Users\Swati Sudeep Ganguly\.m2\repository\io\netty\netty-codec-socks\4.1.63.Final\netty-codec-socks-4.1.63.Final.jar;C:\Users\Swati Sudeep Ganguly\.m2\repository\io\netty\netty-common\4.1.63.Final\netty-common-4.1.63.Final.jar;C:\Users\Swati Sudeep Ganguly\.m2\repository\org\apache\activemq\artemis-jms-client\2.15.0\artemis-jms-client-2.15.0.jar;C:\Users\Swati Sudeep Ganguly\.m2\repository\org\apache\activemq\artemis-selector\2.15.0\artemis-selector-2.15.0.jar;C:\Users\Swati Sudeep Ganguly\.m2\repository\org\apache\activemq\artemis-server\2.15.0\artemis-server-2.15.0.jar;C:\Users\Swati Sudeep Ganguly\.m2\repository\org\jboss\logmanager\jboss-logmanager\2.1.10.Final\jboss-logmanager-2.1.10.Final.jar;C:\Users\Swati Sudeep Ganguly\.m2\repository\org\wildfly\common\wildfly-common\1.5.1.Final\wildfly-common-1.5.1.Final.jar;C:\Users\Swati Sudeep Ganguly\.m2\repository\org\apache\activemq\artemis-jdbc-store\2.15.0\artemis-jdbc-store-2.15.0.jar;C:\Users\Swati Sudeep Ganguly\.m2\repository\org\apache\activemq\activemq-artemis-native\1.0.2\activemq-artemis-native-1.0.2.jar;C:\Users\Swati Sudeep Ganguly\.m2\repository\org\jctools\jctools-core\2.1.2\jctools-core-2.1.2.jar;C:\Users\Swati Sudeep Ganguly\.m2\repository\commons-beanutils\commons-beanutils\1.9.4\commons-beanutils-1.9.4.jar;C:\Users\Swati Sudeep Ganguly\.m2\repository\commons-collections\commons-collections\3.2.2\commons-collections-3.2.2.jar;C:\Users\Swati Sudeep Ganguly\.m2\repository\org\apache\commons\commons-configuration2\2.7\commons-configuration2-2.7.jar;C:\Users\Swati Sudeep Ganguly\.m2\repository\org\apache\commons\commons-text\1.8\commons-text-1.8.jar;C:\Users\Swati Sudeep Ganguly\.m2\repository\commons-io\commons-io\2.6\commons-io-2.6.jar;C:\Users\Swati Sudeep Ganguly\.m2\repository\org\apache\activemq\artemis-journal\2.15.0\artemis-journal-2.15.0.jar;C:\Users\Swati Sudeep Ganguly\.m2\repository\org\apache\activemq\artemis-commons\2.15.0\artemis-commons-2.15.0.jar;C:\Users\Swati Sudeep Ganguly\.m2\repository\org\apache\activemq\artemis-service-extensions\2.15.0\artemis-service-extensions-2.15.0.jar;C:\Users\Swati Sudeep Ganguly\.m2\repository\org\apache\geronimo\specs\geronimo-jms_2.0_spec\1.0-alpha-2\geronimo-jms_2.0_spec-1.0-alpha-2.jar;C:\Users\Swati Sudeep Ganguly\.m2\repository\org\apache\geronimo\specs\geronimo-jta_1.1_spec\1.1.1\geronimo-jta_1.1_spec-1.1.1.jar;C:\Users\Swati Sudeep Ganguly\.m2\repository\org\awaitility\awaitility\3.1.6\awaitility-3.1.6.jar;C:\Users\Swati Sudeep Ganguly\.m2\repository\org\hamcrest\hamcrest-library\2.2\hamcrest-library-2.2.jar;C:\Users\Swati Sudeep Ganguly\.m2\repository\org\hamcrest\hamcrest-core\2.2\hamcrest-core-2.2.jar;C:\Users\Swati Sudeep Ganguly\.m2\repository\org\objenesis\objenesis\2.6\objenesis-2.6.jar;C:\Users\Swati Sudeep Ganguly\.m2\repository\org\springframework\boot\spring-boot-starter-artemis\2.4.5\spring-boot-starter-artemis-2.4.5.jar;C:\Users\Swati Sudeep Ganguly\.m2\repository\jakarta\jms\jakarta.jms-api\2.0.3\jakarta.jms-api-2.0.3.jar;C:\Users\Swati Sudeep Ganguly\.m2\repository\jakarta\json\jakarta.json-api\1.1.6\jakarta.json-api-1.1.6.jar;C:\Users\Swati Sudeep Ganguly\.m2\repository\org\springframework\spring-jms\5.3.6\spring-jms-5.3.6.jar;C:\Users\Swati Sudeep Ganguly\.m2\repository\org\springframework\spring-beans\5.3.6\spring-beans-5.3.6.jar;C:\Users\Swati Sudeep Ganguly\.m2\repository\org\springframework\boot\spring-boot-starter\2.4.5\spring-boot-starter-2.4.5.jar;C:\Users\Swati Sudeep Ganguly\.m2\repository\org\springframework\boot\spring-boot\2.4.5\spring-boot-2.4.5.jar;C:\Users\Swati Sudeep Ganguly\.m2\repository\org\springframework\spring-context\5.3.6\spring-context-5.3.6.jar;C:\Users\Swati Sudeep Ganguly\.m2\repository\org\springframework\boot\spring-boot-autoconfigure\2.4.5\spring-boot-autoconfigure-2.4.5.jar;C:\Users\Swati Sudeep Ganguly\.m2\repository\org\springframework\boot\spring-boot-starter-logging\2.4.5\spring-boot-starter-logging-2.4.5.jar;C:\Users\Swati Sudeep Ganguly\.m2\repository\ch\qos\logback\logback-classic\1.2.3\logback-classic-1.2.3.jar;C:\Users\Swati Sudeep Ganguly\.m2\repository\ch\qos\logback\logback-core\1.2.3\logback-core-1.2.3.jar;C:\Users\Swati Sudeep Ganguly\.m2\repository\org\apache\logging\log4j\log4j-to-slf4j\2.13.3\log4j-to-slf4j-2.13.3.jar;C:\Users\Swati Sudeep Ganguly\.m2\repository\org\apache\logging\log4j\log4j-api\2.13.3\log4j-api-2.13.3.jar;C:\Users\Swati Sudeep Ganguly\.m2\repository\org\slf4j\jul-to-slf4j\1.7.30\jul-to-slf4j-1.7.30.jar;C:\Users\Swati Sudeep Ganguly\.m2\repository\jakarta\annotation\jakarta.annotation-api\1.3.5\jakarta.annotation-api-1.3.5.jar;C:\Users\Swati Sudeep Ganguly\.m2\repository\org\springframework\spring-core\5.3.6\spring-core-5.3.6.jar;C:\Users\Swati Sudeep Ganguly\.m2\repository\org\springframework\spring-jcl\5.3.6\spring-jcl-5.3.6.jar;C:\Users\Swati Sudeep Ganguly\.m2\repository\org\yaml\snakeyaml\1.27\snakeyaml-1.27.jar;C:\Users\Swati Sudeep Ganguly\.m2\repository\org\springframework\boot\spring-boot-starter-actuator\2.4.5\spring-boot-starter-actuator-2.4.5.jar;C:\Users\Swati Sudeep Ganguly\.m2\repository\org\springframework\boot\spring-boot-actuator-autoconfigure\2.4.5\spring-boot-actuator-autoconfigure-2.4.5.jar;C:\Users\Swati Sudeep Ganguly\.m2\repository\org\springframework\boot\spring-boot-actuator\2.4.5\spring-boot-actuator-2.4.5.jar;C:\Users\Swati Sudeep Ganguly\.m2\repository\com\fasterxml\jackson\datatype\jackson-datatype-jsr310\2.11.4\jackson-datatype-jsr310-2.11.4.jar;C:\Users\Swati Sudeep Ganguly\.m2\repository\io\micrometer\micrometer-core\1.6.6\micrometer-core-1.6.6.jar;C:\Users\Swati Sudeep Ganguly\.m2\repository\org\hdrhistogram\HdrHistogram\2.1.12\HdrHistogram-2.1.12.jar;C:\Users\Swati Sudeep Ganguly\.m2\repository\org\latencyutils\LatencyUtils\2.0.3\LatencyUtils-2.0.3.jar;C:\Users\Swati Sudeep Ganguly\.m2\repository\org\springframework\boot\spring-boot-starter-data-jpa\2.4.5\spring-boot-starter-data-jpa-2.4.5.jar;C:\Users\Swati Sudeep Ganguly\.m2\repository\org\springframework\boot\spring-boot-starter-aop\2.4.5\spring-boot-starter-aop-2.4.5.jar;C:\Users\Swati Sudeep Ganguly\.m2\repository\org\springframework\spring-aop\5.3.6\spring-aop-5.3.6.jar;C:\Users\Swati Sudeep Ganguly\.m2\repository\org\aspectj\aspectjweaver\1.9.6\aspectjweaver-1.9.6.jar;C:\Users\Swati Sudeep Ganguly\.m2\repository\org\springframework\boot\spring-boot-starter-jdbc\2.4.5\spring-boot-starter-jdbc-2.4.5.jar;C:\Users\Swati Sudeep Ganguly\.m2\repository\com\zaxxer\HikariCP\3.4.5\HikariCP-3.4.5.jar;C:\Users\Swati Sudeep Ganguly\.m2\repository\org\springframework\spring-jdbc\5.3.6\spring-jdbc-5.3.6.jar;C:\Users\Swati Sudeep Ganguly\.m2\repository\jakarta\transaction\jakarta.transaction-api\1.3.3\jakarta.transaction-api-1.3.3.jar;C:\Users\Swati Sudeep Ganguly\.m2\repository\jakarta\persistence\jakarta.persistence-api\2.2.3\jakarta.persistence-api-2.2.3.jar;C:\Users\Swati Sudeep Ganguly\.m2\repository\org\hibernate\hibernate-core\5.4.30.Final\hibernate-core-5.4.30.Final.jar;C:\Users\Swati Sudeep Ganguly\.m2\repository\org\javassist\javassist\3.27.0-GA\javassist-3.27.0-GA.jar;C:\Users\Swati Sudeep Ganguly\.m2\repository\net\bytebuddy\byte-buddy\1.10.22\byte-buddy-1.10.22.jar;C:\Users\Swati Sudeep Ganguly\.m2\repository\antlr\antlr\2.7.7\antlr-2.7.7.jar;C:\Users\Swati Sudeep Ganguly\.m2\repository\org\jboss\jandex\2.2.3.Final\jandex-2.2.3.Final.jar;C:\Users\Swati Sudeep Ganguly\.m2\repository\com\fasterxml\classmate\1.5.1\classmate-1.5.1.jar;C:\Users\Swati Sudeep Ganguly\.m2\repository\org\dom4j\dom4j\2.1.3\dom4j-2.1.3.jar;C:\Users\Swati Sudeep Ganguly\.m2\repository\org\hibernate\common\hibernate-commons-annotations\5.1.2.Final\hibernate-commons-annotations-5.1.2.Final.jar;C:\Users\Swati Sudeep Ganguly\.m2\repository\org\springframework\data\spring-data-jpa\2.4.8\spring-data-jpa-2.4.8.jar;C:\Users\Swati Sudeep Ganguly\.m2\repository\org\springframework\data\spring-data-commons\2.4.8\spring-data-commons-2.4.8.jar;C:\Users\Swati Sudeep Ganguly\.m2\repository\org\springframework\spring-orm\5.3.6\spring-orm-5.3.6.jar;C:\Users\Swati Sudeep Ganguly\.m2\repository\org\springframework\spring-aspects\5.3.6\spring-aspects-5.3.6.jar;C:\Users\Swati Sudeep Ganguly\.m2\repository\org\springframework\boot\spring-boot-starter-web\2.4.5\spring-boot-starter-web-2.4.5.jar;C:\Users\Swati Sudeep Ganguly\.m2\repository\org\springframework\boot\spring-boot-starter-json\2.4.5\spring-boot-starter-json-2.4.5.jar;C:\Users\Swati Sudeep Ganguly\.m2\repository\com\fasterxml\jackson\datatype\jackson-datatype-jdk8\2.11.4\jackson-datatype-jdk8-2.11.4.jar;C:\Users\Swati Sudeep Ganguly\.m2\repository\com\fasterxml\jackson\module\jackson-module-parameter-names\2.11.4\jackson-module-parameter-names-2.11.4.jar;C:\Users\Swati Sudeep Ganguly\.m2\repository\org\springframework\boot\spring-boot-starter-tomcat\2.4.5\spring-boot-starter-tomcat-2.4.5.jar;C:\Users\Swati Sudeep Ganguly\.m2\repository\org\apache\tomcat\embed\tomcat-embed-core\9.0.45\tomcat-embed-core-9.0.45.jar;C:\Users\Swati Sudeep Ganguly\.m2\repository\org\glassfish\jakarta.el\3.0.3\jakarta.el-3.0.3.jar;C:\Users\Swati Sudeep Ganguly\.m2\repository\org\apache\tomcat\embed\tomcat-embed-websocket\9.0.45\tomcat-embed-websocket-9.0.45.jar;C:\Users\Swati Sudeep Ganguly\.m2\repository\org\springframework\spring-web\5.3.6\spring-web-5.3.6.jar;C:\Users\Swati Sudeep Ganguly\.m2\repository\org\springframework\spring-webmvc\5.3.6\spring-webmvc-5.3.6.jar;C:\Users\Swati Sudeep Ganguly\.m2\repository\org\springframework\spring-expression\5.3.6\spring-expression-5.3.6.jar;C:\Users\Swati Sudeep Ganguly\.m2\repository\org\springframework\statemachine\spring-statemachine-core\3.0.0\spring-statemachine-core-3.0.0.jar;C:\Users\Swati Sudeep Ganguly\.m2\repository\org\springframework\spring-tx\5.3.6\spring-tx-5.3.6.jar;C:\Users\Swati Sudeep Ganguly\.m2\repository\org\springframework\spring-messaging\5.3.6\spring-messaging-5.3.6.jar;C:\Users\Swati Sudeep Ganguly\.m2\repository\io\projectreactor\reactor-core\3.4.5\reactor-core-3.4.5.jar;C:\Users\Swati Sudeep Ganguly\.m2\repository\org\reactivestreams\reactive-streams\1.0.3\reactive-streams-1.0.3.jar;C:\Users\Swati Sudeep Ganguly\.m2\repository\org\springframework\boot\spring-boot-devtools\2.4.5\spring-boot-devtools-2.4.5.jar;C:\Users\Swati Sudeep Ganguly\.m2\repository\com\h2database\h2\1.4.200\h2-1.4.200.jar;C:\Users\Swati Sudeep Ganguly\.m2\repository\mysql\mysql-connector-java\8.0.23\mysql-connector-java-8.0.23.jar;C:\Users\Swati Sudeep Ganguly\.m2\repository\org\projectlombok\lombok\1.18.20\lombok-1.18.20.jar;C:\Users\Swati Sudeep Ganguly\.m2\repository\org\mapstruct\mapstruct\1.4.1.Final\mapstruct-1.4.1.Final.jar;C:\Users\Swati Sudeep Ganguly\.m2\repository\org\junit\jupiter\junit-jupiter-api\5.7.1\junit-jupiter-api-5.7.1.jar;C:\Users\Swati Sudeep Ganguly\.m2\repository\org\apiguardian\apiguardian-api\1.1.0\apiguardian-api-1.1.0.jar;C:\Users\Swati Sudeep Ganguly\.m2\repository\org\opentest4j\opentest4j\1.2.0\opentest4j-1.2.0.jar;C:\Users\Swati Sudeep Ganguly\.m2\repository\org\junit\platform\junit-platform-commons\1.7.1\junit-platform-commons-1.7.1.jar;C:\Users\Swati Sudeep Ganguly\.m2\repository\org\junit\jupiter\junit-jupiter-engine\5.7.1\junit-jupiter-engine-5.7.1.jar;C:\Users\Swati Sudeep Ganguly\.m2\repository\org\junit\platform\junit-platform-engine\1.7.1\junit-platform-engine-1.7.1.jar;C:\Users\Swati Sudeep Ganguly\.m2\repository\org\mockito\mockito-junit-jupiter\3.6.28\mockito-junit-jupiter-3.6.28.jar;C:\Users\Swati Sudeep Ganguly\.m2\repository\org\mockito\mockito-core\3.6.28\mockito-core-3.6.28.jar;C:\Users\Swati Sudeep Ganguly\.m2\repository\net\bytebuddy\byte-buddy-agent\1.10.22\byte-buddy-agent-1.10.22.jar;C:\Users\Swati Sudeep Ganguly\.m2\repository\javax\validation\validation-api\2.0.1.Final\validation-api-2.0.1.Final.jar;C:\Users\Swati Sudeep Ganguly\.m2\repository\org\springframework\boot\spring-boot-starter-test\2.4.5\spring-boot-starter-test-2.4.5.jar;C:\Users\Swati Sudeep Ganguly\.m2\repository\org\springframework\boot\spring-boot-test\2.4.5\spring-boot-test-2.4.5.jar;C:\Users\Swati Sudeep Ganguly\.m2\repository\org\springframework\boot\spring-boot-test-autoconfigure\2.4.5\spring-boot-test-autoconfigure-2.4.5.jar;C:\Users\Swati Sudeep Ganguly\.m2\repository\com\jayway\jsonpath\json-path\2.4.0\json-path-2.4.0.jar;C:\Users\Swati Sudeep Ganguly\.m2\repository\net\minidev\json-smart\2.3\json-smart-2.3.jar;C:\Users\Swati Sudeep Ganguly\.m2\repository\net\minidev\accessors-smart\1.2\accessors-smart-1.2.jar;C:\Users\Swati Sudeep Ganguly\.m2\repository\org\ow2\asm\asm\5.0.4\asm-5.0.4.jar;C:\Users\Swati Sudeep Ganguly\.m2\repository\jakarta\xml\bind\jakarta.xml.bind-api\2.3.3\jakarta.xml.bind-api-2.3.3.jar;C:\Users\Swati Sudeep Ganguly\.m2\repository\jakarta\activation\jakarta.activation-api\1.2.2\jakarta.activation-api-1.2.2.jar;C:\Users\Swati Sudeep Ganguly\.m2\repository\org\assertj\assertj-core\3.18.1\assertj-core-3.18.1.jar;C:\Users\Swati Sudeep Ganguly\.m2\repository\org\hamcrest\hamcrest\2.2\hamcrest-2.2.jar;C:\Users\Swati Sudeep Ganguly\.m2\repository\org\junit\jupiter\junit-jupiter\5.7.1\junit-jupiter-5.7.1.jar;C:\Users\Swati Sudeep Ganguly\.m2\repository\org\junit\jupiter\junit-jupiter-params\5.7.1\junit-jupiter-params-5.7.1.jar;C:\Users\Swati Sudeep Ganguly\.m2\repository\org\skyscreamer\jsonassert\1.5.0\jsonassert-1.5.0.jar;C:\Users\Swati Sudeep Ganguly\.m2\repository\com\vaadin\external\google\android-json\0.0.20131108.vaadin1\android-json-0.0.20131108.vaadin1.jar;C:\Users\Swati Sudeep Ganguly\.m2\repository\org\springframework\spring-test\5.3.6\spring-test-5.3.6.jar;C:\Users\Swati Sudeep Ganguly\.m2\repository\org\xmlunit\xmlunit-core\2.7.0\xmlunit-core-2.7.0.jar;"/>
    <property name="sun.cpu.endian" value="little"/>
    <property name="user.home" value="C:\Users\Swati Sudeep Ganguly"/>
    <property name="user.language" value="en"/>
    <property name="java.specification.vendor" value="Oracle Corporation"/>
    <property name="java.version.date" value="2019-10-15"/>
    <property name="java.home" value="C:\Program Files\Java\jdk-13.0.1"/>
    <property name="file.separator" value="\"/>
    <property name="basedir" value="D:\Studies\Microservices\Microservices - Beginner to Guru\Code\microservices\mssc-brewery-workspace\mssc-beer-order-service"/>
    <property name="java.vm.compressedOopsMode" value="32-bit"/>
    <property name="line.separator" value="&#10;"/>
    <property name="java.vm.specification.vendor" value="Oracle Corporation"/>
    <property name="java.specification.name" value="Java Platform API Specification"/>
    <property name="surefire.real.class.path" value="C:\Users\SWATIS~1\AppData\Local\Temp\surefire12291513431793860374\surefirebooter6491447113343814385.jar"/>
    <property name="user.script" value=""/>
    <property name="sun.management.compiler" value="HotSpot 64-Bit Tiered Compilers"/>
    <property name="java.runtime.version" value="13.0.1+9"/>
    <property name="user.name" value="Swati Sudeep Ganguly"/>
    <property name="path.separator" value=";"/>
    <property name="os.version" value="10.0"/>
    <property name="java.runtime.name" value="Java(TM) SE Runtime Environment"/>
    <property name="file.encoding" value="Cp1252"/>
    <property name="java.vm.name" value="Java HotSpot(TM) 64-Bit Server VM"/>
    <property name="localRepository" value="C:\Users\Swati Sudeep Ganguly\.m2\repository"/>
    <property name="java.vendor.url.bug" value="https://bugreport.java.com/bugreport/"/>
    <property name="java.io.tmpdir" value="C:\Users\SWATIS~1\AppData\Local\Temp\"/>
    <property name="idea.version" value="2021.1"/>
    <property name="java.version" value="13.0.1"/>
    <property name="user.dir" value="D:\Studies\Microservices\Microservices - Beginner to Guru\Code\microservices\mssc-brewery-workspace\mssc-beer-order-service"/>
    <property name="os.arch" value="amd64"/>
    <property name="java.vm.specification.name" value="Java Virtual Machine Specification"/>
    <property name="sun.os.patch.level" value=""/>
    <property name="java.library.path" value="C:\Program Files\Java\jdk-13.0.1\bin;C:\WINDOWS\Sun\Java\bin;C:\WINDOWS\system32;C:\WINDOWS;C:\Program Files (x86)\Intel\iCLS Client\;C:\Program Files\Intel\iCLS Client\;C:\Windows\system32;C:\Windows;C:\Windows\System32\Wbem;C:\Windows\System32\WindowsPowerShell\v1.0\;C:\Windows\System32\OpenSSH\;C:\Program Files (x86)\Intel\Intel(R) Management Engine Components\DAL;C:\Program Files\Intel\Intel(R) Management Engine Components\DAL;C:\Program Files (x86)\Intel\Intel(R) Management Engine Components\IPT;C:\Program Files\Intel\Intel(R) Management Engine Components\IPT;C:\Program Files (x86)\NVIDIA Corporation\PhysX\Common;C:\WINDOWS\system32;C:\WINDOWS;C:\WINDOWS\System32\Wbem;C:\WINDOWS\System32\WindowsPowerShell\v1.0\;C:\WINDOWS\System32\OpenSSH\;C:\Program Files\nodejs\;C:\Program Files\Docker\Docker\resources\bin;C:\ProgramData\DockerDesktop\version-bin;C:\Program Files\Git\cmd;C:\Program Files\Java\jdk-11.0.10\bin;C:\Program Files\Kubernetes\Minikube;C:\Go\bin;;%SystemRoot%\system32;%SystemRoot%;%SystemRoot%\System32\Wbem;%SYSTEMROOT%\System32\WindowsPowerShell\v1.0\;%SYSTEMROOT%\System32\OpenSSH\;C:\Program Files\MySQL\MySQL Shell 8.0\bin\;C:\Users\Swati Sudeep Ganguly\AppData\Roaming\npm;C:\Users\Swati Sudeep Ganguly\AppData\Local\Programs\Microsoft VS Code\bin;C:\Users\Swati Sudeep Ganguly\AppData\Local\Microsoft\WindowsApps;;."/>
    <property name="java.vm.info" value="mixed mode, sharing"/>
    <property name="java.vendor" value="Oracle Corporation"/>
    <property name="java.vm.version" value="13.0.1+9"/>
    <property name="sun.io.unicode.encoding" value="UnicodeLittle"/>
    <property name="java.class.version" value="57.0"/>
  </properties>
  <testcase name="contextLoads" classname="guru.sfg.beer.order.service.BeerOrderServiceApplicationTests" time="0.724"/>
</testsuite>